Start testing: Mar 03 20:44 CET
----------------------------------------------------------
1/5 Testing: test_geometry
1/5 Test: test_geometry
Command: "/home/isabelle/robot_path_project/build/test_geometry"
Directory: /home/isabelle/robot_path_project/build
"test_geometry" start time: Mar 03 20:44 CET
Output:
----------------------------------------------------------
All geometry tests passed.
<end of output>
Test time =   0.00 sec
----------------------------------------------------------
Test Passed.
"test_geometry" end time: Mar 03 20:44 CET
"test_geometry" time elapsed: 00:00:00
----------------------------------------------------------

2/5 Testing: test_curvature
2/5 Test: test_curvature
Command: "/home/isabelle/robot_path_project/build/test_curvature"
Directory: /home/isabelle/robot_path_project/build
"test_curvature" start time: Mar 03 20:44 CET
Output:
----------------------------------------------------------
Curvature test passed.
<end of output>
Test time =   0.00 sec
----------------------------------------------------------
Test Passed.
"test_curvature" end time: Mar 03 20:44 CET
"test_curvature" time elapsed: 00:00:00
----------------------------------------------------------

3/5 Testing: test_speed
3/5 Test: test_speed
Command: "/home/isabelle/robot_path_project/build/test_speed"
Directory: /home/isabelle/robot_path_project/build
"test_speed" start time: Mar 03 20:44 CET
Output:
----------------------------------------------------------
Speed test passed.
<end of output>
Test time =   0.00 sec
----------------------------------------------------------
Test Passed.
"test_speed" end time: Mar 03 20:44 CET
"test_speed" time elapsed: 00:00:00
----------------------------------------------------------

4/5 Testing: test_time
4/5 Test: test_time
Command: "/home/isabelle/robot_path_project/build/test_time"
Directory: /home/isabelle/robot_path_project/build
"test_time" start time: Mar 03 20:44 CET
Output:
----------------------------------------------------------
Time test passed.
<end of output>
Test time =   0.00 sec
----------------------------------------------------------
Test Passed.
"test_time" end time: Mar 03 20:44 CET
"test_time" time elapsed: 00:00:00
----------------------------------------------------------

5/5 Testing: test_area
5/5 Test: test_area
Command: "/home/isabelle/robot_path_project/build/test_area"
Directory: /home/isabelle/robot_path_project/build
"test_area" start time: Mar 03 20:44 CET
Output:
----------------------------------------------------------
Area overlap test passed.
<end of output>
Test time =   0.03 sec
----------------------------------------------------------
Test Passed.
"test_area" end time: Mar 03 20:44 CET
"test_area" time elapsed: 00:00:00
----------------------------------------------------------

End testing: Mar 03 20:44 CET
